  Compiling CUDA source file cdpSimpleQuicksort.cu...
  
  C:\Users\Bastián Romero\Documents\repos\practica\Ejemplos cuda\0_Simple\cdpSimpleQuicksort>"C:\Program Files\NVIDIA GPU Computing Toolkit\CUDA\v11.2\bin\nvcc.exe" -gencode=arch=compute_35,code=\"sm_35,compute_35\" -gencode=arch=compute_37,code=\"sm_37,compute_37\" -gencode=arch=compute_50,code=\"sm_50,compute_50\" -gencode=arch=compute_52,code=\"sm_52,compute_52\" -gencode=arch=compute_60,code=\"sm_60,compute_60\" -gencode=arch=compute_61,code=\"sm_61,compute_61\" -gencode=arch=compute_70,code=\"sm_70,compute_70\" -gencode=arch=compute_75,code=\"sm_75,compute_75\" -gencode=arch=compute_80,code=\"sm_80,compute_80\" -gencode=arch=compute_86,code=\"sm_86,compute_86\" --use-local-env -ccbin "C:\Program Files (x86)\Microsoft Visual Studio\2019\Community\VC\Tools\MSVC\14.28.29333\bin\HostX86\x64" -x cu -rdc=true  -I./ -I../../common/inc -I./ -I"C:\Program Files\NVIDIA GPU Computing Toolkit\CUDA\v11.2\/include" -I../../common/inc -I"C:\Program Files\NVIDIA GPU Computing Toolkit\CUDA\v11.2\include" -I"C:\Program Files\NVIDIA GPU Computing Toolkit\CUDA\v11.2\include"  -G   --keep-dir x64\Debug  -maxrregcount=0  --machine 64 --compile -cudart static --threads 0 -g  -DWIN32 -DWIN32 -D_MBCS -D_MBCS -Xcompiler "/EHsc /W3 /nologo /Od /Fdx64/Debug/vc142.pdb /FS /Zi /RTC1 /MTd " -o x64/Debug/cdpSimpleQuicksort.cu.obj "C:\Users\Bastián Romero\Documents\repos\practica\Ejemplos cuda\0_Simple\cdpSimpleQuicksort\cdpSimpleQuicksort.cu" 
CUDACOMPILE : nvcc warning : The 'compute_35', 'compute_37', 'compute_50', 'sm_35', 'sm_37' and 'sm_50' architectures are deprecated, and may be removed in a future release (Use -Wno-deprecated-gpu-targets to suppress warning).
  cdpSimpleQuicksort.cu
  tmpxft_00000cfc_00000000-7_cdpSimpleQuicksort.compute_86.cudafe1.cpp
  
  C:\Users\Bastián Romero\Documents\repos\practica\Ejemplos cuda\0_Simple\cdpSimpleQuicksort>"C:\Program Files\NVIDIA GPU Computing Toolkit\CUDA\v11.2\bin\nvcc.exe" -dlink -o x64/Debug/cdpSimpleQuicksort.device-link.obj -Xcompiler "/EHsc /W3 /nologo /Od /Fdx64/Debug/vc142.pdb /Zi /RTC1 /MTd " -L"C:\Program Files\NVIDIA GPU Computing Toolkit\CUDA\v11.2\bin/crt" -L"C:\Program Files\NVIDIA GPU Computing Toolkit\CUDA\v11.2\lib\x64" cudadevrt.lib cudart_static.lib kernel32.lib user32.lib gdi32.lib winspool.lib comdlg32.lib advapi32.lib shell32.lib ole32.lib oleaut32.lib uuid.lib odbc32.lib odbccp32.lib cudart.lib  -gencode=arch=compute_35,code=sm_35 -gencode=arch=compute_37,code=sm_37 -gencode=arch=compute_50,code=sm_50 -gencode=arch=compute_52,code=sm_52 -gencode=arch=compute_60,code=sm_60 -gencode=arch=compute_61,code=sm_61 -gencode=arch=compute_70,code=sm_70 -gencode=arch=compute_75,code=sm_75 -gencode=arch=compute_80,code=sm_80 -gencode=arch=compute_86,code=sm_86 -G --machine 64 x64/Debug/cdpSimpleQuicksort.cu.obj 
CUDALINK : nvcc warning : The 'compute_35', 'compute_37', 'compute_50', 'sm_35', 'sm_37' and 'sm_50' architectures are deprecated, and may be removed in a future release (Use -Wno-deprecated-gpu-targets to suppress warning).
  cudadevrt.lib
  cudart_static.lib
  kernel32.lib
  user32.lib
  gdi32.lib
  winspool.lib
  comdlg32.lib
  advapi32.lib
  shell32.lib
  ole32.lib
  oleaut32.lib
  uuid.lib
  odbc32.lib
  odbccp32.lib
  cudart.lib
  cdpSimpleQuicksort.cu.obj
     Creando biblioteca ../../bin/win64/Debug/cdpSimpleQuicksort.lib y objeto ../../bin/win64/Debug/cdpSimpleQuicksort.exp
  cdpSimpleQuicksort_vs2019.vcxproj -> C:\Users\Bastián Romero\Documents\repos\practica\Ejemplos cuda\bin\win64\Debug\cdpSimpleQuicksort.exe
